<?xml version="1.0" encoding="UTF-8"?>
<!-- Generated by org.testng.reporters.JUnitXMLReporter -->
<testsuite ignored="2" hostname="TYSS-Anjali" failures="0" tests="1" name="Default test" time="111.942" errors="0" timestamp="2024-07-12T14:55:16 IST">
  <testcase classname="com.crm.comcast.orgTest.CreateOrgTest" name="createOrg" time="13.66"/>
  <testcase classname="com.crm.comcast.orgTest.CreateOrgTest" name="createOrgWithPhoneNum" time="0.0">
    <ignored/>
  </testcase> <!-- createOrgWithPhoneNum -->
  <testcase classname="com.crm.comcast.orgTest.CreateOrgTest" name="createOrgWithIndustry" time="0.0">
    <ignored/>
  </testcase> <!-- createOrgWithIndustry -->
</testsuite> <!-- Default test -->
