<?xml version="1.0" encoding="UTF-8"?>
<testng-results ignored="2" total="3" passed="1" failed="0" skipped="0">
  <reporter-output>
  </reporter-output>
  <suite started-at="2024-07-12T14:53:24 IST" name="Default suite" finished-at="2024-07-12T14:55:16 IST" duration-ms="111942">
    <groups>
      <group name="smoke">
        <method signature="CreateOrgTest.createOrg()[pri:0, instance:com.crm.comcast.orgTest.CreateOrgTest@4c60d6e9]" name="createOrg" class="com.crm.comcast.orgTest.CreateOrgTest"/>
      </group> <!-- smoke -->
    </groups>
    <test started-at="2024-07-12T14:53:24 IST" name="Default test" finished-at="2024-07-12T14:55:16 IST" duration-ms="111942">
      <class name="com.crm.comcast.orgTest.CreateOrgTest">
        <test-method is-config="true" signature="configBS()[pri:0, instance:com.crm.comcast.orgTest.CreateOrgTest@4c60d6e9]" started-at="2024-07-12T14:53:24 IST" name="configBS" finished-at="2024-07-12T14:53:24 IST" duration-ms="437" status="PASS">
          <reporter-output>
          </reporter-output>
        </test-method> <!-- configBS -->
        <test-method is-config="true" signature="configBC()[pri:0, instance:com.crm.comcast.orgTest.CreateOrgTest@4c60d6e9]" started-at="2024-07-12T14:53:24 IST" name="configBC" finished-at="2024-07-12T14:53:27 IST" duration-ms="2832" status="PASS">
          <reporter-output>
          </reporter-output>
        </test-method> <!-- configBC -->
        <test-method is-config="true" signature="configBM()[pri:0, instance:com.crm.comcast.orgTest.CreateOrgTest@4c60d6e9]" started-at="2024-07-12T14:53:27 IST" name="configBM" finished-at="2024-07-12T14:55:00 IST" duration-ms="93120" status="PASS">
          <reporter-output>
          </reporter-output>
        </test-method> <!-- configBM -->
        <test-method signature="createOrg()[pri:0, instance:com.crm.comcast.orgTest.CreateOrgTest@4c60d6e9]" started-at="2024-07-12T14:55:00 IST" name="createOrg" finished-at="2024-07-12T14:55:14 IST" duration-ms="13660" status="PASS">
          <reporter-output>
          </reporter-output>
        </test-method> <!-- createOrg -->
        <test-method is-config="true" signature="configAM()[pri:0, instance:com.crm.comcast.orgTest.CreateOrgTest@4c60d6e9]" started-at="2024-07-12T14:55:14 IST" name="configAM" finished-at="2024-07-12T14:55:16 IST" duration-ms="1893" status="PASS">
          <reporter-output>
          </reporter-output>
        </test-method> <!-- configAM -->
        <test-method is-config="true" signature="configAC()[pri:0, instance:com.crm.comcast.orgTest.CreateOrgTest@4c60d6e9]" started-at="2024-07-12T14:55:16 IST" name="configAC" finished-at="2024-07-12T14:55:16 IST" duration-ms="388" status="PASS">
          <reporter-output>
          </reporter-output>
        </test-method> <!-- configAC -->
        <test-method is-config="true" signature="configAS()[pri:0, instance:com.crm.comcast.orgTest.CreateOrgTest@4c60d6e9]" started-at="2024-07-12T14:55:16 IST" name="configAS" finished-at="2024-07-12T14:55:16 IST" duration-ms="10" status="PASS">
          <reporter-output>
          </reporter-output>
        </test-method> <!-- configAS -->
      </class> <!-- com.crm.comcast.orgTest.CreateOrgTest -->
    </test> <!-- Default test -->
  </suite> <!-- Default suite -->
</testng-results>
